[ 2025-07-20 20:45:32,294 ] 1025 httpx - INFO - HTTP Request: GET https://dagshub.com/api/v1/user "HTTP/1.1 200 OK"
[ 2025-07-20 20:45:32,304 ] 107 dagshub - INFO - Accessing as manrajc13
[ 2025-07-20 20:45:32,703 ] 1025 httpx - INFO - HTTP Request: GET https://dagshub.com/api/v1/repos/manrajc13/networksecurity "HTTP/1.1 200 OK"
[ 2025-07-20 20:45:33,087 ] 1025 httpx - INFO - HTTP Request: GET https://dagshub.com/api/v1/user "HTTP/1.1 200 OK"
[ 2025-07-20 20:45:33,091 ] 107 dagshub - INFO - Initialized MLflow to track repo "manrajc13/networksecurity"
[ 2025-07-20 20:45:33,092 ] 107 dagshub - INFO - Repository manrajc13/networksecurity initialized!
[ 2025-07-20 20:45:33,207 ] 16 root - INFO - Initiate Data Ingestion
[ 2025-07-20 20:45:36,860 ] 64 root - INFO - Performed train test split on the dataframe
[ 2025-07-20 20:45:36,860 ] 65 root - INFO - Exited split_data_as_train_test method of Data_Ingestion class
[ 2025-07-20 20:45:36,861 ] 71 root - INFO - Exporting train and test file path.
[ 2025-07-20 20:45:36,925 ] 80 root - INFO - Exported train and test file path.
[ 2025-07-20 20:45:36,925 ] 18 root - INFO - Data Ingestion completed
[ 2025-07-20 20:45:36,931 ] 21 root - INFO - Initiate the data validation
[ 2025-07-20 20:45:37,009 ] 33 root - INFO - Required number of columns : 31
[ 2025-07-20 20:45:37,009 ] 34 root - INFO - Data frame has columns : 31
[ 2025-07-20 20:45:37,010 ] 33 root - INFO - Required number of columns : 31
[ 2025-07-20 20:45:37,010 ] 34 root - INFO - Data frame has columns : 31
[ 2025-07-20 20:45:37,191 ] 23 root - INFO - Data validation completed
[ 2025-07-20 20:45:37,191 ] 26 root - INFO - Data transformation started
[ 2025-07-20 20:45:37,191 ] 63 root - INFO - Entered initiate_data_transformation method of DataTransformation class
[ 2025-07-20 20:45:37,191 ] 65 root - INFO - Starting data transformation
[ 2025-07-20 20:45:37,311 ] 48 root - INFO - Entered get_data_trnasformer_object method of Trnasformation class
[ 2025-07-20 20:45:37,311 ] 53 root - INFO - Initialise KNNImputer with {'missing_values': nan, 'n_neighbors': 3, 'weights': 'uniform'}
[ 2025-07-20 20:45:37,331 ] 48 root - INFO - Entered the save_object method of MainUtils class
[ 2025-07-20 20:45:37,338 ] 52 root - INFO - Exited the save_object method of MainUtils class
[ 2025-07-20 20:45:37,338 ] 48 root - INFO - Entered the save_object method of MainUtils class
[ 2025-07-20 20:45:37,366 ] 52 root - INFO - Exited the save_object method of MainUtils class
[ 2025-07-20 20:45:37,368 ] 30 root - INFO - data Transformation completed
[ 2025-07-20 20:45:52,761 ] 70 root - WARNING - Skipping model logging to MLflow: INTERNAL_ERROR: Response: {'error': 'unsupported endpoint, please contact support@dagshub.com'}
[ 2025-07-20 20:46:03,172 ] 70 root - WARNING - Skipping model logging to MLflow: INTERNAL_ERROR: Response: {'error': 'unsupported endpoint, please contact support@dagshub.com'}
[ 2025-07-20 20:46:05,454 ] 48 root - INFO - Entered the save_object method of MainUtils class
[ 2025-07-20 20:46:05,458 ] 52 root - INFO - Exited the save_object method of MainUtils class
[ 2025-07-20 20:46:05,458 ] 152 root - INFO - Model trainer artifact: ModelTrainerArtifact(trained_model_file_path='Artifacts\\07_20_2025_20_25\\model_trainer\\trained_model\\model.pkl', train_metric_artifact=ClassificationMetricArtifact(f1_score=0.9926566743788351, precision_score=0.9915594855305466, recall_score=0.9937562940584088), test_metric_artifact=ClassificationMetricArtifact(f1_score=0.9650291423813488, precision_score=0.9578512396694215, recall_score=0.9723154362416108))
