[ 2025-07-20 20:55:11,728 ] 1025 httpx - INFO - HTTP Request: GET https://dagshub.com/api/v1/user "HTTP/1.1 200 OK"
[ 2025-07-20 20:55:11,750 ] 107 dagshub - INFO - Accessing as manrajc13
[ 2025-07-20 20:55:12,384 ] 1025 httpx - INFO - HTTP Request: GET https://dagshub.com/api/v1/repos/manrajc13/networksecurity "HTTP/1.1 200 OK"
[ 2025-07-20 20:55:12,890 ] 1025 httpx - INFO - HTTP Request: GET https://dagshub.com/api/v1/user "HTTP/1.1 200 OK"
[ 2025-07-20 20:55:12,935 ] 107 dagshub - INFO - Initialized MLflow to track repo "manrajc13/networksecurity"
[ 2025-07-20 20:55:12,962 ] 107 dagshub - INFO - Repository manrajc13/networksecurity initialized!
[ 2025-07-20 20:55:13,273 ] 16 root - INFO - Initiate Data Ingestion
[ 2025-07-20 20:55:18,308 ] 64 root - INFO - Performed train test split on the dataframe
[ 2025-07-20 20:55:18,308 ] 65 root - INFO - Exited split_data_as_train_test method of Data_Ingestion class
[ 2025-07-20 20:55:18,309 ] 71 root - INFO - Exporting train and test file path.
[ 2025-07-20 20:55:18,444 ] 80 root - INFO - Exported train and test file path.
[ 2025-07-20 20:55:18,445 ] 18 root - INFO - Data Ingestion completed
[ 2025-07-20 20:55:18,492 ] 21 root - INFO - Initiate the data validation
[ 2025-07-20 20:55:18,623 ] 33 root - INFO - Required number of columns : 31
[ 2025-07-20 20:55:18,624 ] 34 root - INFO - Data frame has columns : 31
[ 2025-07-20 20:55:18,624 ] 33 root - INFO - Required number of columns : 31
[ 2025-07-20 20:55:18,624 ] 34 root - INFO - Data frame has columns : 31
[ 2025-07-20 20:55:19,060 ] 23 root - INFO - Data validation completed
[ 2025-07-20 20:55:19,060 ] 26 root - INFO - Data transformation started
[ 2025-07-20 20:55:19,060 ] 63 root - INFO - Entered initiate_data_transformation method of DataTransformation class
[ 2025-07-20 20:55:19,060 ] 65 root - INFO - Starting data transformation
[ 2025-07-20 20:55:19,191 ] 48 root - INFO - Entered get_data_trnasformer_object method of Trnasformation class
[ 2025-07-20 20:55:19,191 ] 53 root - INFO - Initialise KNNImputer with {'missing_values': nan, 'n_neighbors': 3, 'weights': 'uniform'}
[ 2025-07-20 20:55:19,259 ] 48 root - INFO - Entered the save_object method of MainUtils class
[ 2025-07-20 20:55:19,484 ] 52 root - INFO - Exited the save_object method of MainUtils class
[ 2025-07-20 20:55:19,484 ] 48 root - INFO - Entered the save_object method of MainUtils class
[ 2025-07-20 20:55:19,584 ] 52 root - INFO - Exited the save_object method of MainUtils class
[ 2025-07-20 20:55:19,587 ] 30 root - INFO - data Transformation completed
[ 2025-07-20 20:55:53,686 ] 70 root - WARNING - Skipping model logging to MLflow: INTERNAL_ERROR: Response: {'error': 'unsupported endpoint, please contact support@dagshub.com'}
[ 2025-07-20 20:56:03,588 ] 70 root - WARNING - Skipping model logging to MLflow: INTERNAL_ERROR: Response: {'error': 'unsupported endpoint, please contact support@dagshub.com'}
[ 2025-07-20 20:56:05,625 ] 48 root - INFO - Entered the save_object method of MainUtils class
[ 2025-07-20 20:56:05,628 ] 52 root - INFO - Exited the save_object method of MainUtils class
[ 2025-07-20 20:56:05,630 ] 48 root - INFO - Entered the save_object method of MainUtils class
[ 2025-07-20 20:56:05,732 ] 52 root - INFO - Exited the save_object method of MainUtils class
[ 2025-07-20 20:56:05,732 ] 152 root - INFO - Model trainer artifact: ModelTrainerArtifact(trained_model_file_path='Artifacts\\07_20_2025_20_01\\model_trainer\\trained_model\\model.pkl', train_metric_artifact=ClassificationMetricArtifact(f1_score=0.9903894790085989, precision_score=0.9874924349404882, recall_score=0.9933035714285714), test_metric_artifact=ClassificationMetricArtifact(f1_score=0.9825132167547783, precision_score=0.9821138211382113, recall_score=0.9829129373474369))
